<?xml version="1.0" encoding="UTF-8"?>
<!-- Generated by org.testng.reporters.JUnitReportReporter -->
<testsuite hostname="Snehas-Air.lan" failures="0" tests="1" name="tests.GoogleTitleTest" time="0.057" errors="0" timestamp="2023-04-04T13:57:31 CDT" skipped="0">
  <testcase classname="tests.GoogleTitleTest" name="titleTest" time="0.057"/>
  <system-out/>
</testsuite> <!-- tests.GoogleTitleTest -->
