<?xml version="1.0" encoding="UTF-8"?>
<!-- Generated by org.testng.reporters.JUnitReportReporter -->
<testsuite hostname="Snehas-Air.lan" failures="0" tests="1" name="tests.GoogleTest" time="2.124" errors="0" timestamp="2023-03-28T17:29:21 CDT" skipped="0">
  <testcase classname="tests.GoogleTest" name="logintest" time="2.124"/>
  <system-out/>
</testsuite> <!-- tests.GoogleTest -->
