<?xml version="1.0" encoding="UTF-8"?>
<!-- Generated by org.testng.reporters.JUnitReportReporter -->
<testsuite hostname="Snehas-Air.lan" failures="0" tests="1" name="tests.SearchBarTest" time="0.085" errors="0" timestamp="2023-04-07T10:43:55 CDT" skipped="0">
  <testcase classname="tests.SearchBarTest" name="titleTest" time="0.085"/>
  <system-out/>
</testsuite> <!-- tests.SearchBarTest -->
