<?xml version="1.0" encoding="UTF-8"?>
<!-- Generated by org.testng.reporters.JUnitReportReporter -->
<testsuite hostname="Snehas-Air.lan" failures="0" tests="1" name="tests.GoogleTest" time="1.951" errors="0" timestamp="2023-04-07T10:43:55 CDT" skipped="0">
  <testcase classname="tests.GoogleTest" name="logintest" time="1.951"/>
  <system-out/>
</testsuite> <!-- tests.GoogleTest -->
